<?xml version="1.0" encoding="utf-8"?><testsuites name="pytest tests"><testsuite name="pytest" errors="0" failures="0" skipped="0" tests="6" time="0.850" timestamp="2026-08-06T23:05:38.608919+00:00" hostname="agent-env-0ea6cae4-f81d-49dc-9d6f-e120c7414199"><testcase classname="tests.test_health_and_api.TestHealth" name="test_health_local" time="0.003" /><testcase classname="tests.test_health_and_api.TestApi" name="test_root" time="0.121" /><testcase classname="tests.test_health_and_api.TestHealth" name="test_health_external_reachable" time="0.104" /><testcase classname="tests.test_health_and_api.TestApi" name="test_get_status" time="0.091" /><testcase classname="tests.test_health_and_api.TestApi" name="test_post_status" time="0.085" /><testcase classname="tests.test_health_and_api.TestApi" name="test_cors_headers" time="0.047" /></testsuite></testsuites>